2018-05-08T08:58:16.078Z - normal: Load ~/.CocosCreator/settings.json
2018-05-08T08:58:16.078Z - normal: checking language setting...
2018-05-08T08:58:16.078Z - normal: Language: en
2018-05-08T08:58:17.709Z - success: protocol editor-framework registered
2018-05-08T08:58:17.709Z - success: protocol app registered
2018-05-08T08:58:17.709Z - success: protocol theme registered
2018-05-08T08:58:17.709Z - success: protocol packages registered
2018-05-08T08:58:17.709Z - success: protocol unpack registerred
2018-05-08T08:58:17.709Z - success: protocol disable-commonjs registerred
2018-05-08T08:58:20.714Z - normal: failed to connect login server due to request timeout
2018-05-08T08:58:20.714Z - normal: Check project D:\Data\GamePrototype\trunk\2048\popstar2048
2018-05-08T08:58:20.714Z - normal: Initializing Cocos2d
2018-05-08T08:58:20.914Z - normal: Initializing Asset Database
2018-05-08T08:58:20.930Z - success: protocol uuid registerred
2018-05-08T08:58:20.930Z - success: protocol db registerred
2018-05-08T08:58:20.930Z - success: protocol thumbnail registerred
2018-05-08T08:58:20.930Z - normal: Loading editor/builtin packages
2018-05-08T08:58:20.946Z - success: anysdk loaded
2018-05-08T08:58:21.046Z - success: assets loaded
2018-05-08T08:58:21.046Z - success: builder loaded
2018-05-08T08:58:21.046Z - success: cocos-analytics loaded
2018-05-08T08:58:21.046Z - success: console loaded
2018-05-08T08:58:21.046Z - success: hierarchy loaded
2018-05-08T08:58:21.046Z - success: inspector loaded
2018-05-08T08:58:21.046Z - success: keystore loaded
2018-05-08T08:58:21.046Z - success: node-library loaded
2018-05-08T08:58:21.046Z - success: package-asset loaded
2018-05-08T08:58:21.062Z - success: preferences loaded
2018-05-08T08:58:21.062Z - success: project-exporter loaded
2018-05-08T08:58:21.062Z - success: project-importer loaded
2018-05-08T08:58:21.062Z - success: project-settings loaded
2018-05-08T08:58:21.077Z - success: ui-kit loaded
2018-05-08T08:58:21.077Z - success: ui-grid loaded
2018-05-08T08:58:21.077Z - success: scene loaded
2018-05-08T08:58:21.077Z - success: sprite-editor loaded
2018-05-08T08:58:21.077Z - success: store loaded
2018-05-08T08:58:21.077Z - success: timeline loaded
2018-05-08T08:58:21.077Z - normal: Loading builtin packages
2018-05-08T08:58:21.077Z - success: asset-db-debugger loaded
2018-05-08T08:58:21.093Z - success: code-editor loaded
2018-05-08T08:58:21.094Z - success: color-picker loaded
2018-05-08T08:58:21.096Z - success: package-manager loaded
2018-05-08T08:58:21.098Z - success: sdkbox loaded
2018-05-08T08:58:21.099Z - success: tester loaded
2018-05-08T08:58:21.099Z - success: ui-kit-preview-extra loaded
2018-05-08T08:58:21.099Z - success: ui-kit-preview loaded
2018-05-08T08:58:21.099Z - success: ui-tree loaded
2018-05-08T08:58:21.881Z - normal: Initializing project D:\Data\GamePrototype\trunk\2048\popstar2048
2018-05-08T08:58:21.881Z - normal: Loading packages
2018-05-08T08:58:21.881Z - normal: Watching packages
2018-05-08T08:58:21.897Z - normal: Run Application
2018-05-08T08:58:22.184Z - success: preview server running at http://localhost:7456
2018-05-08T08:58:25.343Z - normal: 1.8.2
2018-05-08T10:17:11.141Z - warn: NODE_LIBRARY.warning.prefab_exists
2018-05-08T10:17:15.961Z - warn: NODE_LIBRARY.warning.prefab_exists
2018-05-08T10:17:18.786Z - warn: NODE_LIBRARY.warning.prefab_exists
2018-05-08T10:17:20.544Z - warn: NODE_LIBRARY.warning.prefab_exists
2018-05-08T10:50:26.341Z - info: shutdown preview server
